{
  "RSpec": {
    "coverage": {
      "/Users/anguspettifer/Projects/Makers/week_2_projects/oyster_cards/spec/entry_barrier_spec.rb": [
        1,
        null,
        1,
        null,
        1,
        null,
        1,
        1,
        2,
        null,
        null,
        null,
        null,
        null,
        null
      ],
      "/Users/anguspettifer/Projects/Makers/week_2_projects/oyster_cards/lib/entry_barrier.rb": [
        1,
        null,
        null,
        null,
        1,
        null,
        1,
        null,
        null
      ],
      "/Users/anguspettifer/Projects/Makers/week_2_projects/oyster_cards/lib/oyster_card.rb": [
        1,
        1,
        null,
        1,
        null,
        1,
        4,
        null,
        null,
        1,
        4,
        4,
        3,
        null,
        null,
        1,
        1,
        null,
        null,
        null
      ],
      "/Users/anguspettifer/Projects/Makers/week_2_projects/oyster_cards/spec/exit_barrier_spec.rb": [
        1,
        null,
        1,
        null,
        1,
        null,
        1,
        1,
        2,
        null,
        null,
        null,
        null,
        null,
        null
      ],
      "/Users/anguspettifer/Projects/Makers/week_2_projects/oyster_cards/lib/exit_barrier.rb": [
        null,
        null,
        1,
        null,
        1,
        null,
        null,
        null
      ],
      "/Users/anguspettifer/Projects/Makers/week_2_projects/oyster_cards/spec/oyster_card_spec.rb": [
        1,
        null,
        1,
        null,
        1,
        1,
        null,
        null,
        1,
        null,
        1,
        1,
        1,
        null,
        null,
        1,
        1,
        1,
        1,
        2,
        null,
        null,
        null,
        null,
        1,
        null,
        1,
        1,
        1,
        1,
        null,
        null,
        null,
        null,
        null
      ]
    },
    "timestamp": 1527004797
  }
}
